2019-09-17 04:34:10.570  INFO 1 --- [main] c.e.d.SpringBootDockerVolumeApplication  : Starting SpringBootDockerVolumeApplication v0.0.1-SNAPSHOT on 5a038a673f04 with PID 1 (/app/SpringBootDockerVolume.jar started by root in /app)
2019-09-17 04:34:10.579  INFO 1 --- [main] c.e.d.SpringBootDockerVolumeApplication  : No active profile set, falling back to default profiles: default
2019-09-17 04:34:10.657  INFO 1 --- [main] ConfigServletWebServerApplicationContext : Refreshing org.springframework.boot.web.servlet.context.AnnotationConfigServletWebServerApplicationContext@4fccd51b: startup date [Tue Sep 17 04:34:10 UTC 2019]; root of context hierarchy
2019-09-17 04:34:12.298  INFO 1 --- [main] o.s.b.w.embedded.tomcat.TomcatWebServer  : Tomcat initialized with port(s): 8080 (http)
2019-09-17 04:34:12.349  INFO 1 --- [main] o.apache.catalina.core.StandardService   : Starting service [Tomcat]
2019-09-17 04:34:12.350  INFO 1 --- [main] org.apache.catalina.core.StandardEngine  : Starting Servlet Engine: Apache Tomcat/8.5.31
2019-09-17 04:34:12.372  INFO 1 --- [localhost-startStop-1] o.a.catalina.core.AprLifecycleListener   : The APR based Apache Tomcat Native library which allows optimal performance in production environments was not found on the java.library.path: [/usr/java/packages/lib/amd64:/usr/lib/x86_64-linux-gnu/jni:/lib/x86_64-linux-gnu:/usr/lib/x86_64-linux-gnu:/usr/lib/jni:/lib:/usr/lib]
2019-09-17 04:34:12.510  INFO 1 --- [localhost-startStop-1] o.a.c.c.C.[Tomcat].[localhost].[/]       : Initializing Spring embedded WebApplicationContext
2019-09-17 04:34:12.512  INFO 1 --- [localhost-startStop-1] o.s.web.context.ContextLoader            : Root WebApplicationContext: initialization completed in 1855 ms
2019-09-17 04:34:12.684  INFO 1 --- [localhost-startStop-1] o.s.b.w.servlet.ServletRegistrationBean  : Servlet dispatcherServlet mapped to [/]
2019-09-17 04:34:12.690  INFO 1 --- [localhost-startStop-1] o.s.b.w.servlet.FilterRegistrationBean   : Mapping filter: 'characterEncodingFilter' to: [/*]
2019-09-17 04:34:12.692  INFO 1 --- [localhost-startStop-1] o.s.b.w.servlet.FilterRegistrationBean   : Mapping filter: 'hiddenHttpMethodFilter' to: [/*]
2019-09-17 04:34:12.693  INFO 1 --- [localhost-startStop-1] o.s.b.w.servlet.FilterRegistrationBean   : Mapping filter: 'httpPutFormContentFilter' to: [/*]
2019-09-17 04:34:12.694  INFO 1 --- [localhost-startStop-1] o.s.b.w.servlet.FilterRegistrationBean   : Mapping filter: 'requestContextFilter' to: [/*]
2019-09-17 04:34:13.040  INFO 1 --- [main] o.s.w.s.handler.SimpleUrlHandlerMapping  : Mapped URL path [/**/favicon.ico] onto handler of type [class org.springframework.web.servlet.resource.ResourceHttpRequestHandler]
2019-09-17 04:34:13.358  INFO 1 --- [main] s.w.s.m.m.a.RequestMappingHandlerAdapter : Looking for @ControllerAdvice: org.springframework.boot.web.servlet.context.AnnotationConfigServletWebServerApplicationContext@4fccd51b: startup date [Tue Sep 17 04:34:10 UTC 2019]; root of context hierarchy
2019-09-17 04:34:13.502  INFO 1 --- [main] s.w.s.m.m.a.RequestMappingHandlerMapping : Mapped "{[/]}" onto public java.lang.String com.example.demo.SpringBootDockerVolumeController.welcome()
2019-09-17 04:34:13.505  INFO 1 --- [main] s.w.s.m.m.a.RequestMappingHandlerMapping : Mapped "{[/hello]}" onto public java.lang.String com.example.demo.SpringBootDockerVolumeController.myData()
2019-09-17 04:34:13.507  INFO 1 --- [main] s.w.s.m.m.a.RequestMappingHandlerMapping : Mapped "{[/hello/{name}]}" onto public java.lang.String com.example.demo.SpringBootDockerVolumeController.helloDocker(java.lang.String)
2019-09-17 04:34:13.513  INFO 1 --- [main] s.w.s.m.m.a.RequestMappingHandlerMapping : Mapped "{[/error],produces=[text/html]}" onto public org.springframework.web.servlet.ModelAndView org.springframework.boot.autoconfigure.web.servlet.error.BasicErrorController.errorHtml(javax.servlet.http.HttpServletRequest,javax.servlet.http.HttpServletResponse)
2019-09-17 04:34:13.515  INFO 1 --- [main] s.w.s.m.m.a.RequestMappingHandlerMapping : Mapped "{[/error]}" onto public org.springframework.http.ResponseEntity<java.util.Map<java.lang.String, java.lang.Object>> org.springframework.boot.autoconfigure.web.servlet.error.BasicErrorController.error(javax.servlet.http.HttpServletRequest)
2019-09-17 04:34:13.558  INFO 1 --- [main] o.s.w.s.handler.SimpleUrlHandlerMapping  : Mapped URL path [/webjars/**] onto handler of type [class org.springframework.web.servlet.resource.ResourceHttpRequestHandler]
2019-09-17 04:34:13.560  INFO 1 --- [main] o.s.w.s.handler.SimpleUrlHandlerMapping  : Mapped URL path [/**] onto handler of type [class org.springframework.web.servlet.resource.ResourceHttpRequestHandler]
2019-09-17 04:34:13.820  INFO 1 --- [main] o.s.j.e.a.AnnotationMBeanExporter        : Registering beans for JMX exposure on startup
2019-09-17 04:34:13.902  INFO 1 --- [main] o.s.b.w.embedded.tomcat.TomcatWebServer  : Tomcat started on port(s): 8080 (http) with context path ''
2019-09-17 04:34:13.911  INFO 1 --- [main] c.e.d.SpringBootDockerVolumeApplication  : Started SpringBootDockerVolumeApplication in 3.984 seconds (JVM running for 4.829)
2019-09-17 04:53:29.878  INFO 1 --- [Thread-3] ConfigServletWebServerApplicationContext : Closing org.springframework.boot.web.servlet.context.AnnotationConfigServletWebServerApplicationContext@4fccd51b: startup date [Tue Sep 17 04:34:10 UTC 2019]; root of context hierarchy
2019-09-17 04:53:29.884  INFO 1 --- [Thread-3] o.s.j.e.a.AnnotationMBeanExporter        : Unregistering JMX-exposed beans on shutdown
